>Path_0:0.03931524083393242
[start,56]	[56,62]	G
[56,62]	[62,68]	T
[62,68]	[68,9538]	A
[68,9538]	[9538,9569]	A
[9538,9569]	[9569,15773]	C
[9569,15773]	[15773,18049]	G
[15773,18049]	[18049,21052]	G
[18049,21052]	[21052,21549]	T
[21052,21549]	[21549,21734]	C
[21549,21734]	[21734,21777]	T
[21734,21777]	[21777,22496]	G
[21777,22496]	[22496,23548]	A
[22496,23548]	[23548,23577]	T
[23548,23577]	[23577,25377]	C
[23577,25377]	[25377,26234]	A
[25377,26234]	[26234,26464]	A
[26234,26464]	[26464,26569]	C
[26464,26569]	[26569,26598]	T
[26569,26598]	[26598,26775]	T
[26598,26775]	[26775,26781]	G
[26775,26781]	[26781,26811]	C
[26781,26811]	[26811,26817]	A
[26811,26817]	[26817,27037]	T
[26817,27037]	[27037,27261]	C
[27037,27261]	[27261,27286]	G
[27261,27286]	[27286,27378]	C
[27286,27378]	[27378,27755]	G
[27378,27755]	[27755,27876]	A
[27755,27876]	[27876,27883]	T
[27876,27883]	[27883,28249]	C
[27883,28249]	[28249,28261]	A
[28249,28261]	[28261,28520]	C
[28261,28520]	[28520,28571]	C
[28520,28571]	[28571,29063]	A
[28571,29063]	[29063,29090]	G
[29063,29090]	[29090,29706]	G
[29090,29706]	[29706,29791]	G
[29706,29791]	[29791,end]	T
>Path_8:0.25
[start,56]	[56,62]	G
[56,62]	[28261,28520]	splice
[28261,28520]	[28520,28571]	C
[28520,28571]	[28571,29063]	A
[28571,29063]	[29063,29090]	G
[29063,29090]	[29090,29706]	G
[29090,29706]	[29706,29791]	G
[29706,29791]	[29791,end]	T
>Path_12:0.7106847591660677
[start,56]	[27876,27883]	splice
[27876,27883]	[27883,28249]	C
[27883,28249]	[28249,28261]	A
[28249,28261]	[28261,28520]	C
[28261,28520]	[28520,28571]	C
[28520,28571]	[28571,29063]	A
[28571,29063]	[29063,29090]	G
[29063,29090]	[29090,29706]	G
[29090,29706]	[29706,29791]	G
[29706,29791]	[29791,end]	T
