reading ../data/sample_phasing.out
number of splice edges -- 29
number of phasing reads -- 9
total number of reads -- 1000
number of ST paths -- 3440
number of transcripts is 15
number of transcript splice edges is 14
--------------------------------------------------
Using license file /home/chuanyi5/gurobi.lic
Academic license - for non-commercial use only - expires 2021-01-07
--------------------------------------------------
max phasing count is 380
total reads is 1000
--------------------------------------------------
Parameter OutputFlag unchanged
   Value: 1  Min: 0  Max: 1  Default: 1
Parameter ConcurrentMIP unchanged
   Value: 1  Min: 1  Max: 64  Default: 1
Changed value of parameter Method to 4
   Prev: -1  Min: -1  Max: 5  Default: -1
Changed value of parameter IntFeasTol to 1e-09
   Prev: 1e-05  Min: 1e-09  Max: 0.1  Default: 1e-05
Changed value of parameter FeasibilityTol to 1e-09
   Prev: 1e-06  Min: 1e-09  Max: 0.01  Default: 1e-06
Changed value of parameter OptimalityTol to 1e-09
   Prev: 1e-06  Min: 1e-09  Max: 0.01  Default: 1e-06
--------------------------------------------------
greedy solver iteration 1
number of splice edges is 29
number of phasing reads is 9
length of shorted possible transcript is 1541.0
--------------------------------------------------
Gurobi Optimizer version 9.1.0 build v9.1.0rc0 (linux64)
Thread count: 28 physical cores, 28 logical processors, using up to 28 threads
Optimize a model with 494 rows, 158 columns and 1178 nonzeros
Model fingerprint: 0x7b4def11
Variable types: 129 continuous, 29 integer (29 binary)
Coefficient statistics:
  Matrix range     [2e-03, 3e+04]
  Objective range  [2e+00, 1e+04]
  Bounds range     [1e+00, 1e+00]
  RHS range        [1e+00, 2e+03]
Presolve removed 492 rows and 149 columns
Presolve time: 0.00s
Presolved: 2 rows, 9 columns, 18 nonzeros
Variable types: 9 continuous, 0 integer (0 binary)

Root relaxation: objective -8.116920e+03, 2 iterations, 0.00 seconds

    Nodes    |    Current Node    |     Objective Bounds      |     Work
 Expl Unexpl |  Obj  Depth IntInf | Incumbent    BestBd   Gap | It/Node Time

*    0     0               0    -8116.920139 -8116.9201  0.00%     -    0s

Explored 0 nodes (2 simplex iterations) in 0.00 seconds
Thread count was 28 (of 28 available processors)

Solution count 1: -8116.92 
No other solutions better than -8116.92

Optimal solution found (tolerance 1.00e-04)
Best objective -8.116920139417e+03, best bound -8.116920139417e+03, gap 0.0000%
solution G:
{0: 0.05153329097414975}
solution C:
{}
Parameter OutputFlag unchanged
   Value: 1  Min: 0  Max: 1  Default: 1
Parameter ConcurrentMIP unchanged
   Value: 1  Min: 1  Max: 64  Default: 1
Changed value of parameter Method to 4
   Prev: -1  Min: -1  Max: 5  Default: -1
Changed value of parameter IntFeasTol to 1e-09
   Prev: 1e-05  Min: 1e-09  Max: 0.1  Default: 1e-05
Changed value of parameter FeasibilityTol to 1e-09
   Prev: 1e-06  Min: 1e-09  Max: 0.01  Default: 1e-06
Changed value of parameter OptimalityTol to 1e-09
   Prev: 1e-06  Min: 1e-09  Max: 0.01  Default: 1e-06
--------------------------------------------------
greedy solver iteration 1
number of splice edges is 29
number of phasing reads is 9
length of shorted possible transcript is 1541.0
--------------------------------------------------
Gurobi Optimizer version 9.1.0 build v9.1.0rc0 (linux64)
Thread count: 28 physical cores, 28 logical processors, using up to 28 threads
Optimize a model with 19 rows, 91 columns and 179 nonzeros
Model fingerprint: 0xd91576ed
Coefficient statistics:
  Matrix range     [2e-03, 3e+04]
  Objective range  [2e+00, 1e+04]
  Bounds range     [1e+00, 1e+00]
  RHS range        [1e+00, 2e+03]
Presolve removed 5 rows and 21 columns
Presolve time: 0.00s
Presolved: 14 rows, 70 columns, 133 nonzeros

Iteration    Objective       Primal Inf.    Dual Inf.      Time
       0   -2.7167921e+03   1.254935e+01   0.000000e+00      0s
      14   -8.1169201e+03   0.000000e+00   0.000000e+00      0s

Solved in 14 iterations and 0.00 seconds
Optimal objective -8.116920139e+03
solution G:
{}
solution C:
{0: 0.05153329097414975}
**************************************************
iteration 1
{0: 0.05153329097414975}
[0]
**************************************************
**************************************************
number of chosen paths = 1
[0]
[0]
**************************************************
Parameter OutputFlag unchanged
   Value: 1  Min: 0  Max: 1  Default: 1
Parameter ConcurrentMIP unchanged
   Value: 1  Min: 1  Max: 64  Default: 1
Changed value of parameter Method to 4
   Prev: -1  Min: -1  Max: 5  Default: -1
Changed value of parameter IntFeasTol to 1e-09
   Prev: 1e-05  Min: 1e-09  Max: 0.1  Default: 1e-05
Changed value of parameter FeasibilityTol to 1e-09
   Prev: 1e-06  Min: 1e-09  Max: 0.01  Default: 1e-06
Changed value of parameter OptimalityTol to 1e-09
   Prev: 1e-06  Min: 1e-09  Max: 0.01  Default: 1e-06
--------------------------------------------------
greedy solver iteration 2
number of splice edges is 29
number of phasing reads is 9
length of shorted possible transcript is 1541.0
--------------------------------------------------
Gurobi Optimizer version 9.1.0 build v9.1.0rc0 (linux64)
Thread count: 28 physical cores, 28 logical processors, using up to 28 threads
Optimize a model with 494 rows, 159 columns and 1186 nonzeros
Model fingerprint: 0xf971eb57
Variable types: 130 continuous, 29 integer (29 binary)
Coefficient statistics:
  Matrix range     [2e-03, 3e+04]
  Objective range  [2e+00, 1e+04]
  Bounds range     [1e+00, 1e+00]
  RHS range        [1e+00, 2e+03]
Presolve removed 453 rows and 67 columns
Presolve time: 0.00s
Presolved: 41 rows, 92 columns, 235 nonzeros
Variable types: 90 continuous, 2 integer (2 binary)

Root relaxation: objective -2.196622e+03, 8 iterations, 0.00 seconds

    Nodes    |    Current Node    |     Objective Bounds      |     Work
 Expl Unexpl |  Obj  Depth IntInf | Incumbent    BestBd   Gap | It/Node Time

     0     0 -2196.6215    0    2          - -2196.6215      -     -    0s
H    0     0                    -2275.561714 -2196.6215  3.47%     -    0s
     0     0 -2273.7978    0    2 -2275.5617 -2273.7978  0.08%     -    0s

Cutting planes:
  Gomory: 1
  Implied bound: 8
  MIR: 3
  RLT: 5

Explored 1 nodes (23 simplex iterations) in 0.02 seconds
Thread count was 28 (of 28 available processors)

Solution count 1: -2275.56 
No other solutions better than -2275.56

Optimal solution found (tolerance 1.00e-04)
Best objective -2.275561713680e+03, best bound -2.275561713680e+03, gap 0.0000%
solution G:
{0: 0.4820452911574407}
solution C:
{0: 0.017954708842559286}
Parameter OutputFlag unchanged
   Value: 1  Min: 0  Max: 1  Default: 1
Parameter ConcurrentMIP unchanged
   Value: 1  Min: 1  Max: 64  Default: 1
Changed value of parameter Method to 4
   Prev: -1  Min: -1  Max: 5  Default: -1
Changed value of parameter IntFeasTol to 1e-09
   Prev: 1e-05  Min: 1e-09  Max: 0.1  Default: 1e-05
Changed value of parameter FeasibilityTol to 1e-09
   Prev: 1e-06  Min: 1e-09  Max: 0.01  Default: 1e-06
Changed value of parameter OptimalityTol to 1e-09
   Prev: 1e-06  Min: 1e-09  Max: 0.01  Default: 1e-06
--------------------------------------------------
greedy solver iteration 2
number of splice edges is 29
number of phasing reads is 9
length of shorted possible transcript is 1541.0
--------------------------------------------------
Gurobi Optimizer version 9.1.0 build v9.1.0rc0 (linux64)
Thread count: 28 physical cores, 28 logical processors, using up to 28 threads
Optimize a model with 19 rows, 92 columns and 188 nonzeros
Model fingerprint: 0xd6ccbfbe
Coefficient statistics:
  Matrix range     [2e-03, 3e+04]
  Objective range  [2e+00, 1e+04]
  Bounds range     [1e+00, 1e+00]
  RHS range        [1e+00, 2e+03]
Presolve removed 3 rows and 11 columns
Presolve time: 0.00s
Presolved: 16 rows, 81 columns, 160 nonzeros

Iteration    Objective       Primal Inf.    Dual Inf.      Time
       0   -2.2733871e+03   2.397984e-01   0.000000e+00      0s
       2   -2.2755617e+03   0.000000e+00   0.000000e+00      0s

Solved in 2 iterations and 0.00 seconds
Optimal objective -2.275561714e+03
solution G:
{}
solution C:
{0: 0.017954708842559314, 1: 0.4820452911574406}
**************************************************
iteration 2
{0: 0.017954708842559314, 1: 0.4820452911574406}
[0, 12]
**************************************************
**************************************************
number of chosen paths = 2
[1, 0]
[12, 0]
**************************************************
Parameter OutputFlag unchanged
   Value: 1  Min: 0  Max: 1  Default: 1
Parameter ConcurrentMIP unchanged
   Value: 1  Min: 1  Max: 64  Default: 1
Changed value of parameter Method to 4
   Prev: -1  Min: -1  Max: 5  Default: -1
Changed value of parameter IntFeasTol to 1e-09
   Prev: 1e-05  Min: 1e-09  Max: 0.1  Default: 1e-05
Changed value of parameter FeasibilityTol to 1e-09
   Prev: 1e-06  Min: 1e-09  Max: 0.01  Default: 1e-06
Changed value of parameter OptimalityTol to 1e-09
   Prev: 1e-06  Min: 1e-09  Max: 0.01  Default: 1e-06
--------------------------------------------------
greedy solver iteration 3
number of splice edges is 29
number of phasing reads is 9
length of shorted possible transcript is 1541.0
--------------------------------------------------
Gurobi Optimizer version 9.1.0 build v9.1.0rc0 (linux64)
Thread count: 28 physical cores, 28 logical processors, using up to 28 threads
Optimize a model with 494 rows, 160 columns and 1195 nonzeros
Model fingerprint: 0xb23ec131
Variable types: 131 continuous, 29 integer (29 binary)
Coefficient statistics:
  Matrix range     [2e-03, 3e+04]
  Objective range  [2e+00, 1e+04]
  Bounds range     [1e+00, 1e+00]
  RHS range        [1e+00, 2e+03]
Presolve removed 453 rows and 67 columns
Presolve time: 0.00s
Presolved: 41 rows, 93 columns, 243 nonzeros
Variable types: 91 continuous, 2 integer (2 binary)

Root relaxation: objective -1.752832e+03, 8 iterations, 0.00 seconds

    Nodes    |    Current Node    |     Objective Bounds      |     Work
 Expl Unexpl |  Obj  Depth IntInf | Incumbent    BestBd   Gap | It/Node Time

     0     0 -1752.8321    0    1          - -1752.8321      -     -    0s
H    0     0                    -2275.561714 -1752.8321  23.0%     -    0s
H    0     0                    -1859.825538 -1752.8321  5.75%     -    0s

Cutting planes:
  Gomory: 1
  Implied bound: 5
  MIR: 4
  Flow cover: 6
  RLT: 1
  Relax-and-lift: 1

Explored 1 nodes (8 simplex iterations) in 0.01 seconds
Thread count was 28 (of 28 available processors)

Solution count 2: -1859.83 -2275.56 
No other solutions better than -1859.83

Optimal solution found (tolerance 1.00e-04)
Best objective -1.859825538304e+03, best bound -1.859825538304e+03, gap 0.0000%
solution G:
{0: 0.0625}
solution C:
{0: 0.41869383537023724, 1: 0.01880616462976276}
Parameter OutputFlag unchanged
   Value: 1  Min: 0  Max: 1  Default: 1
Parameter ConcurrentMIP unchanged
   Value: 1  Min: 1  Max: 64  Default: 1
Changed value of parameter Method to 4
   Prev: -1  Min: -1  Max: 5  Default: -1
Changed value of parameter IntFeasTol to 1e-09
   Prev: 1e-05  Min: 1e-09  Max: 0.1  Default: 1e-05
Changed value of parameter FeasibilityTol to 1e-09
   Prev: 1e-06  Min: 1e-09  Max: 0.01  Default: 1e-06
Changed value of parameter OptimalityTol to 1e-09
   Prev: 1e-06  Min: 1e-09  Max: 0.01  Default: 1e-06
--------------------------------------------------
greedy solver iteration 3
number of splice edges is 29
number of phasing reads is 9
length of shorted possible transcript is 1541.0
--------------------------------------------------
Gurobi Optimizer version 9.1.0 build v9.1.0rc0 (linux64)
Thread count: 28 physical cores, 28 logical processors, using up to 28 threads
Optimize a model with 19 rows, 93 columns and 194 nonzeros
Model fingerprint: 0xe3b6af44
Coefficient statistics:
  Matrix range     [2e-03, 3e+04]
  Objective range  [2e+00, 1e+04]
  Bounds range     [1e+00, 1e+00]
  RHS range        [1e+00, 2e+03]
Presolve removed 1 rows and 1 columns
Presolve time: 0.00s
Presolved: 18 rows, 92 columns, 188 nonzeros

Iteration    Objective       Primal Inf.    Dual Inf.      Time
       0   -1.6821805e+03   2.252714e+00   0.000000e+00      0s
       8   -1.8598255e+03   0.000000e+00   0.000000e+00      0s

Solved in 8 iterations and 0.00 seconds
Optimal objective -1.859825538e+03
solution G:
{}
solution C:
{0: 0.41869383537023724, 1: 0.01880616462976276, 2: 0.0625}
**************************************************
iteration 3
{0: 0.41869383537023724, 1: 0.01880616462976276, 2: 0.0625}
[12, 0, 8]
**************************************************
**************************************************
number of chosen paths = 3
[0, 1, 2]
[12, 0, 8]
**************************************************
Parameter OutputFlag unchanged
   Value: 1  Min: 0  Max: 1  Default: 1
Parameter ConcurrentMIP unchanged
   Value: 1  Min: 1  Max: 64  Default: 1
Changed value of parameter Method to 4
   Prev: -1  Min: -1  Max: 5  Default: -1
Changed value of parameter IntFeasTol to 1e-09
   Prev: 1e-05  Min: 1e-09  Max: 0.1  Default: 1e-05
Changed value of parameter FeasibilityTol to 1e-09
   Prev: 1e-06  Min: 1e-09  Max: 0.01  Default: 1e-06
Changed value of parameter OptimalityTol to 1e-09
   Prev: 1e-06  Min: 1e-09  Max: 0.01  Default: 1e-06
--------------------------------------------------
greedy solver iteration 4
number of splice edges is 29
number of phasing reads is 9
length of shorted possible transcript is 1541.0
--------------------------------------------------
Gurobi Optimizer version 9.1.0 build v9.1.0rc0 (linux64)
Thread count: 28 physical cores, 28 logical processors, using up to 28 threads
Optimize a model with 494 rows, 161 columns and 1201 nonzeros
Model fingerprint: 0xa3be23b9
Variable types: 132 continuous, 29 integer (29 binary)
Coefficient statistics:
  Matrix range     [2e-03, 3e+04]
  Objective range  [2e+00, 1e+04]
  Bounds range     [1e+00, 1e+00]
  RHS range        [1e+00, 2e+03]
Presolve removed 453 rows and 67 columns
Presolve time: 0.00s
Presolved: 41 rows, 94 columns, 248 nonzeros
Variable types: 92 continuous, 2 integer (2 binary)

Root relaxation: objective -1.722553e+03, 13 iterations, 0.00 seconds

    Nodes    |    Current Node    |     Objective Bounds      |     Work
 Expl Unexpl |  Obj  Depth IntInf | Incumbent    BestBd   Gap | It/Node Time

     0     0 -1722.5528    0    2          - -1722.5528      -     -    0s
H    0     0                    -1859.825538 -1722.5528  7.38%     -    0s
     0     0     cutoff    0      -1859.8255 -1859.8255  0.00%     -    0s

Cutting planes:
  MIR: 3
  Flow cover: 2
  RLT: 3
  Relax-and-lift: 1

Explored 1 nodes (22 simplex iterations) in 0.01 seconds
Thread count was 28 (of 28 available processors)

Solution count 1: -1859.83 
No other solutions better than -1859.83

Optimal solution found (tolerance 1.00e-04)
Best objective -1.859825538304e+03, best bound -1.859825538304e+03, gap 0.0000%
solution G:
{0: 0.01880616462976276}
solution C:
{0: 0.41869383537023724, 1: 0.0, 2: 0.0625}
++++++++++++++++++++++++++++++++++++++++++++++++++
no paths were added
++++++++++++++++++++++++++++++++++++++++++++++++++
Parameter OutputFlag unchanged
   Value: 1  Min: 0  Max: 1  Default: 1
Parameter ConcurrentMIP unchanged
   Value: 1  Min: 1  Max: 64  Default: 1
Changed value of parameter Method to 4
   Prev: -1  Min: -1  Max: 5  Default: -1
Changed value of parameter IntFeasTol to 1e-09
   Prev: 1e-05  Min: 1e-09  Max: 0.1  Default: 1e-05
Changed value of parameter FeasibilityTol to 1e-09
   Prev: 1e-06  Min: 1e-09  Max: 0.01  Default: 1e-06
Changed value of parameter OptimalityTol to 1e-09
   Prev: 1e-06  Min: 1e-09  Max: 0.01  Default: 1e-06
--------------------------------------------------
greedy solver iteration 4
number of splice edges is 29
number of phasing reads is 9
length of shorted possible transcript is 1541.0
--------------------------------------------------
Gurobi Optimizer version 9.1.0 build v9.1.0rc0 (linux64)
Thread count: 28 physical cores, 28 logical processors, using up to 28 threads
Optimize a model with 19 rows, 93 columns and 194 nonzeros
Model fingerprint: 0xe3b6af44
Coefficient statistics:
  Matrix range     [2e-03, 3e+04]
  Objective range  [2e+00, 1e+04]
  Bounds range     [1e+00, 1e+00]
  RHS range        [1e+00, 2e+03]
Presolve removed 1 rows and 1 columns
Presolve time: 0.00s
Presolved: 18 rows, 92 columns, 188 nonzeros

Iteration    Objective       Primal Inf.    Dual Inf.      Time
       0   -1.6821805e+03   2.252714e+00   0.000000e+00      0s
       8   -1.8598255e+03   0.000000e+00   0.000000e+00      0s

Solved in 8 iterations and 0.00 seconds
Optimal objective -1.859825538e+03
solution G:
{}
solution C:
{0: 0.41869383537023724, 1: 0.01880616462976276, 2: 0.0625}
